<?xml version="1.0" encoding="UTF-8"?>
<testsuite name="skeleton.RunCucumberTest" tests="0" skipped="0" failures="0" errors="0" timestamp="1970-01-01T00:00:00" hostname="Filyans-MacBook-Pro.local" time="0.0">
  <properties/>
  <system-out><![CDATA[Feature: Contar Calorias finales

  Scenario: CORRO 11 KM QUEMANDO 10 CALORIAS POR KM Y ME COMO UN SANDWICH DE 120 CALORIAS POR LO TANTO QUEMO EN TOTAL -10 KCAL ?[90m# skeleton/Entrenar.feature:18?[0m
    ?[32mGiven ?[0m?[32mCorrer ?[0m?[32m?[1m11?[0m?[32m km?[0m                                                                                                         ?[90m# StepDefinitions.correr_km(int)?[0m
    ?[32mWhen ?[0m?[32mQuemo ?[0m?[32m?[1m10?[0m?[32m calorias por km?[0m                                                                                              ?[90m# StepDefinitions.quemo_calorias_por_km(int)?[0m
    ?[32mThen ?[0m?[32mComo un sandwich de ?[0m?[32m?[1m100?[0m?[32m calorias y quemo en total -?[0m?[32m?[1m10?[0m?[32m calorias?[0m                                                        ?[90m# StepDefinitions.como_un_sandwich_de_calorias_y_quemo_en_total_menoscalorias(int,int)?[0m

4 Scenarios (?[32m4 passed?[0m)
12 Steps (?[32m12 passed?[0m)
0m0.171s

]]></system-out>
  <system-err><![CDATA[]]></system-err>
</testsuite>
